Determining if the pthread_create exist failed with the following output:
Change Dir: /home/darsh/SFND_Lidar_Obstacle_Detection/src/quiz/cluster/build/CMakeFiles/CMakeTmp

Run Build Command:"/usr/bin/make" "cmTC_205a0/fast"
/usr/bin/make -f CMakeFiles/cmTC_205a0.dir/build.make CMakeFiles/cmTC_205a0.dir/build
make[1]: Entering directory '/home/darsh/SFND_Lidar_Obstacle_Detection/src/quiz/cluster/build/CMakeFiles/CMakeTmp'
Building C object CMakeFiles/cmTC_205a0.dir/CheckSymbolExists.c.o
/usr/bin/cc    -o CMakeFiles/cmTC_205a0.dir/CheckSymbolExists.c.o   -c /home/darsh/SFND_Lidar_Obstacle_Detection/src/quiz/cluster/build/CMakeFiles/CMakeTmp/CheckSymbolExists.c
Linking C executable cmTC_205a0
/usr/bin/cmake -E cmake_link_script CMakeFiles/cmTC_205a0.dir/link.txt --verbose=1
/usr/bin/cc      -rdynamic CMakeFiles/cmTC_205a0.dir/CheckSymbolExists.c.o  -o cmTC_205a0 
CMakeFiles/cmTC_205a0.dir/CheckSymbolExists.c.o: In function `main':
CheckSymbolExists.c:(.text+0x1b): undefined reference to `pthread_create'
collect2: error: ld returned 1 exit status
CMakeFiles/cmTC_205a0.dir/build.make:97: recipe for target 'cmTC_205a0' failed
make[1]: *** [cmTC_205a0] Error 1
make[1]: Leaving directory '/home/darsh/SFND_Lidar_Obstacle_Detection/src/quiz/cluster/build/CMakeFiles/CMakeTmp'
Makefile:126: recipe for target 'cmTC_205a0/fast' failed
make: *** [cmTC_205a0/fast] Error 2

File /home/darsh/SFND_Lidar_Obstacle_Detection/src/quiz/cluster/build/CMakeFiles/CMakeTmp/CheckSymbolExists.c:
/* */
#include <pthread.h>

int main(int argc, char** argv)
{
  (void)argv;
#ifndef pthread_create
  return ((int*)(&pthread_create))[argc];
#else
  (void)argc;
  return 0;
#endif
}

Determining if the function pthread_create exists in the pthreads failed with the following output:
Change Dir: /home/darsh/SFND_Lidar_Obstacle_Detection/src/quiz/cluster/build/CMakeFiles/CMakeTmp

Run Build Command:"/usr/bin/make" "cmTC_c480c/fast"
/usr/bin/make -f CMakeFiles/cmTC_c480c.dir/build.make CMakeFiles/cmTC_c480c.dir/build
make[1]: Entering directory '/home/darsh/SFND_Lidar_Obstacle_Detection/src/quiz/cluster/build/CMakeFiles/CMakeTmp'
Building C object CMakeFiles/cmTC_c480c.dir/CheckFunctionExists.c.o
/usr/bin/cc   -DCHECK_FUNCTION_EXISTS=pthread_create   -o CMakeFiles/cmTC_c480c.dir/CheckFunctionExists.c.o   -c /usr/share/cmake-3.10/Modules/CheckFunctionExists.c
Linking C executable cmTC_c480c
/usr/bin/cmake -E cmake_link_script CMakeFiles/cmTC_c480c.dir/link.txt --verbose=1
/usr/bin/cc  -DCHECK_FUNCTION_EXISTS=pthread_create    -rdynamic CMakeFiles/cmTC_c480c.dir/CheckFunctionExists.c.o  -o cmTC_c480c -lpthreads 
/usr/bin/ld: cannot find -lpthreads
collect2: error: ld returned 1 exit status
CMakeFiles/cmTC_c480c.dir/build.make:97: recipe for target 'cmTC_c480c' failed
make[1]: *** [cmTC_c480c] Error 1
make[1]: Leaving directory '/home/darsh/SFND_Lidar_Obstacle_Detection/src/quiz/cluster/build/CMakeFiles/CMakeTmp'
Makefile:126: recipe for target 'cmTC_c480c/fast' failed
make: *** [cmTC_c480c/fast] Error 2


