Determining if the pthread_create exist failed with the following output:
Change Dir: /home/darsh/SFND_Lidar_Obstacle_Detection/src/quiz/ransac/build/CMakeFiles/CMakeTmp

Run Build Command:"/usr/bin/make" "cmTC_cda21/fast"
/usr/bin/make -f CMakeFiles/cmTC_cda21.dir/build.make CMakeFiles/cmTC_cda21.dir/build
make[1]: Entering directory '/home/darsh/SFND_Lidar_Obstacle_Detection/src/quiz/ransac/build/CMakeFiles/CMakeTmp'
Building C object CMakeFiles/cmTC_cda21.dir/CheckSymbolExists.c.o
/usr/bin/cc    -o CMakeFiles/cmTC_cda21.dir/CheckSymbolExists.c.o   -c /home/darsh/SFND_Lidar_Obstacle_Detection/src/quiz/ransac/build/CMakeFiles/CMakeTmp/CheckSymbolExists.c
Linking C executable cmTC_cda21
/usr/bin/cmake -E cmake_link_script CMakeFiles/cmTC_cda21.dir/link.txt --verbose=1
/usr/bin/cc      -rdynamic CMakeFiles/cmTC_cda21.dir/CheckSymbolExists.c.o  -o cmTC_cda21 
CMakeFiles/cmTC_cda21.dir/CheckSymbolExists.c.o: In function `main':
CheckSymbolExists.c:(.text+0x1b): undefined reference to `pthread_create'
collect2: error: ld returned 1 exit status
CMakeFiles/cmTC_cda21.dir/build.make:97: recipe for target 'cmTC_cda21' failed
make[1]: *** [cmTC_cda21] Error 1
make[1]: Leaving directory '/home/darsh/SFND_Lidar_Obstacle_Detection/src/quiz/ransac/build/CMakeFiles/CMakeTmp'
Makefile:126: recipe for target 'cmTC_cda21/fast' failed
make: *** [cmTC_cda21/fast] Error 2

File /home/darsh/SFND_Lidar_Obstacle_Detection/src/quiz/ransac/build/CMakeFiles/CMakeTmp/CheckSymbolExists.c:
/* */
#include <pthread.h>

int main(int argc, char** argv)
{
  (void)argv;
#ifndef pthread_create
  return ((int*)(&pthread_create))[argc];
#else
  (void)argc;
  return 0;
#endif
}

Determining if the function pthread_create exists in the pthreads failed with the following output:
Change Dir: /home/darsh/SFND_Lidar_Obstacle_Detection/src/quiz/ransac/build/CMakeFiles/CMakeTmp

Run Build Command:"/usr/bin/make" "cmTC_9f56c/fast"
/usr/bin/make -f CMakeFiles/cmTC_9f56c.dir/build.make CMakeFiles/cmTC_9f56c.dir/build
make[1]: Entering directory '/home/darsh/SFND_Lidar_Obstacle_Detection/src/quiz/ransac/build/CMakeFiles/CMakeTmp'
Building C object CMakeFiles/cmTC_9f56c.dir/CheckFunctionExists.c.o
/usr/bin/cc   -DCHECK_FUNCTION_EXISTS=pthread_create   -o CMakeFiles/cmTC_9f56c.dir/CheckFunctionExists.c.o   -c /usr/share/cmake-3.10/Modules/CheckFunctionExists.c
Linking C executable cmTC_9f56c
/usr/bin/cmake -E cmake_link_script CMakeFiles/cmTC_9f56c.dir/link.txt --verbose=1
/usr/bin/cc  -DCHECK_FUNCTION_EXISTS=pthread_create    -rdynamic CMakeFiles/cmTC_9f56c.dir/CheckFunctionExists.c.o  -o cmTC_9f56c -lpthreads 
/usr/bin/ld: cannot find -lpthreads
collect2: error: ld returned 1 exit status
CMakeFiles/cmTC_9f56c.dir/build.make:97: recipe for target 'cmTC_9f56c' failed
make[1]: *** [cmTC_9f56c] Error 1
make[1]: Leaving directory '/home/darsh/SFND_Lidar_Obstacle_Detection/src/quiz/ransac/build/CMakeFiles/CMakeTmp'
Makefile:126: recipe for target 'cmTC_9f56c/fast' failed
make: *** [cmTC_9f56c/fast] Error 2


